bench	 density	 maxflops(Gflops)	 maxBW(GB/s)	 minTime(secs)	 NRUNS
benchsp1 	0.50	 380.394	 760.787	 0.00767205	 10
benchsp2 	1.00	 656.679	 656.679	 0.00888836	 10
benchsp3 	1.50	 831.752	 554.502	 0.01052621	 10
benchsp4 	2.00	 984.354	 492.177	 0.01185915	 10
benchsp5 	2.50	 1100.827	 440.331	 0.01325549	 10
benchsp6 	3.00	 1312.714	 437.571	 0.01333908	 10
benchsp7 	3.50	 1368.017	 390.862	 0.01493314	 10
benchsp8 	4.00	 1396.864	 349.216	 0.01671401	 10
benchsp9 	4.50	 1484.238	 329.831	 0.01769635	 10
benchsp10 	5.00	 1525.390	 305.078	 0.01913216	 10
benchsp11 	5.50	 1416.207	 257.492	 0.02266787	 10
benchsp12 	6.00	 1514.128	 252.355	 0.02312935	 10
benchsp13 	6.50	 1561.133	 240.174	 0.02430235	 10
benchsp14 	7.00	 1623.766	 231.967	 0.02516224	 10
benchsp15 	7.50	 1623.562	 216.475	 0.02696293	 10
benchsp16 	8.00	 1675.171	 209.396	 0.02787442	 10
benchsp17 	8.50	 1650.541	 194.181	 0.03005850	 10
benchsp18 	9.00	 1705.581	 189.509	 0.03079960	 10
benchsp19 	9.50	 1719.182	 180.967	 0.03225348	 10
benchsp20 	10.00	 1679.330	 167.933	 0.03475672	 10
benchsp25 	12.50	 1585.377	 126.830	 0.04602061	 10
benchsp30 	15.00	 1746.300	 116.420	 0.05013572	 10
benchsp35 	17.50	 1777.322	 101.561	 0.05747072	 10
benchsp40 	20.00	 1732.438	 86.622	 0.06738251	 10
benchsp50 	25.00	 1858.244	 74.330	 0.07852575	 10
benchsp60 	30.00	 1845.673	 61.522	 0.09487270	 10
benchsp70 	35.00	 1835.629	 52.447	 0.11129043	 10
benchsp80 	40.00	 1861.310	 46.533	 0.12543421	 10
benchsp90 	45.00	 1873.729	 41.638	 0.14017822	 10
benchsp100 	50.00	 1904.754	 38.095	 0.15321661	 10
benchsp110 	55.00	 1894.153	 34.439	 0.16948158	 10
benchsp120 	60.00	 1935.457	 32.258	 0.18094328	 10
benchsp130 	65.00	 1949.084	 29.986	 0.19465139	 10
benchsp140 	70.00	 1952.404	 27.891	 0.20926819	 10
benchsp150 	75.00	 1953.241	 26.043	 0.22411985	 10
benchsp160 	80.00	 1955.294	 24.441	 0.23881007	 10
benchsp170 	85.00	 1956.292	 23.015	 0.25360634	 10
benchsp180 	90.00	 1959.141	 21.768	 0.26813381	 10
benchsp190 	95.00	 1960.526	 20.637	 0.28283028	 10
benchsp200 	100.00	 1955.726	 19.557	 0.29844677	 10
benchsp210 	105.00	 1957.213	 18.640	 0.31313094	 10
benchsp220 	110.00	 1954.159	 17.765	 0.32855463	 10
benchsp230 	115.00	 1950.411	 16.960	 0.34414901	 10
benchsp240 	120.00	 1964.577	 16.371	 0.35652261	 10
benchsp250 	125.00	 1968.155	 15.745	 0.37070251	 10
benchsp260 	130.00	 1969.790	 15.152	 0.38521053	 10
benchsp270 	135.00	 1970.289	 14.595	 0.39992500	 10
benchsp280 	140.00	 1971.550	 14.082	 0.41447186	 10
benchsp290 	145.00	 1977.192	 13.636	 0.42804951	 10
benchsp300 	150.00	 1976.575	 13.177	 0.44294806	 10
benchdp1 	0.25	 190.198	 760.790	 0.00767202	 10
benchdp2 	0.50	 329.557	 659.114	 0.00885553	 10
benchdp3 	0.75	 423.468	 564.624	 0.01033749	 10
benchdp4 	1.00	 490.775	 490.775	 0.01189302	 10
benchdp5 	1.25	 550.697	 440.557	 0.01324867	 10
benchdp6 	1.50	 657.456	 438.304	 0.01331679	 10
benchdp7 	1.75	 684.169	 390.954	 0.01492965	 10
benchdp8 	2.00	 696.452	 348.226	 0.01676153	 10
benchdp9 	2.25	 742.673	 330.077	 0.01768315	 10
benchdp10 	2.50	 758.914	 303.566	 0.01922747	 10
benchdp11 	2.75	 779.401	 283.419	 0.02059428	 10
benchdp12 	3.00	 753.225	 251.075	 0.02324725	 10
benchdp13 	3.25	 793.610	 244.188	 0.02390292	 10
benchdp14 	3.50	 799.501	 228.429	 0.02555195	 10
benchdp15 	3.75	 823.928	 219.714	 0.02656544	 10
benchdp16 	4.00	 814.858	 203.714	 0.02865187	 10
benchdp17 	4.25	 844.393	 198.681	 0.02937779	 10
benchdp18 	4.50	 852.547	 189.455	 0.03080839	 10
benchdp19 	4.75	 859.105	 180.864	 0.03227173	 10
benchdp20 	5.00	 865.625	 173.125	 0.03371438	 10
benchdp25 	6.25	 839.955	 134.393	 0.04343091	 10
benchdp30 	7.50	 873.716	 116.495	 0.05010322	 10
benchdp35 	8.75	 883.533	 100.975	 0.05780431	 10
benchdp40 	10.00	 873.754	 87.375	 0.06680140	 10
benchdp50 	12.50	 930.059	 74.405	 0.07844662	 10
benchdp60 	15.00	 924.732	 61.649	 0.09467823	 10
benchdp70 	17.50	 916.193	 52.354	 0.11148744	 10
benchdp80 	20.00	 942.276	 47.114	 0.12388730	 10
benchdp90 	22.50	 952.066	 42.314	 0.13794004	 10
benchdp100 	25.00	 951.185	 38.047	 0.15340863	 10
benchdp110 	27.50	 957.522	 34.819	 0.16763272	 10
benchdp120 	30.00	 970.131	 32.338	 0.18049520	 10
benchdp130 	32.50	 972.986	 29.938	 0.19496269	 10
benchdp140 	35.00	 976.316	 27.895	 0.20924373	 10
benchdp150 	37.50	 977.567	 26.068	 0.22390279	 10
benchdp160 	40.00	 978.433	 24.461	 0.23861838	 10
benchdp170 	42.50	 979.919	 23.057	 0.25314744	 10
benchdp180 	45.00	 978.852	 21.752	 0.26833074	 10
benchdp190 	47.50	 975.398	 20.535	 0.28424090	 10
benchdp200 	50.00	 976.038	 19.521	 0.29900463	 10
benchdp210 	52.50	 978.464	 18.637	 0.31317668	 10
benchdp220 	55.00	 980.383	 17.825	 0.32744764	 10
benchdp230 	57.50	 980.939	 17.060	 0.34213735	 10
benchdp240 	60.00	 978.857	 16.314	 0.35777238	 10
benchdp250 	62.50	 980.706	 15.691	 0.37197675	 10
benchdp260 	65.00	 984.815	 15.151	 0.38524199	 10
benchdp270 	67.50	 986.473	 14.614	 0.39938639	 10
benchdp280 	70.00	 988.611	 14.123	 0.41328276	 10
benchdp290 	72.50	 988.587	 13.636	 0.42805350	 10
benchdp300 	75.00	 988.862	 13.185	 0.44269049	 10
